<?xml version="1.0" encoding="UTF-8"?>
<testng-results total="3" passed="2" failed="1" skipped="0">
  <reporter-output>
  </reporter-output>
  <suite started-at="2022-10-20T07:29:54Z" name="Default suite" finished-at="2022-10-20T07:30:34Z" duration-ms="39701">
    <groups>
    </groups>
    <test started-at="2022-10-20T07:29:54Z" name="Default test" finished-at="2022-10-20T07:30:34Z" duration-ms="39701">
      <class name="selenium_case.OrangeHRM_Case">
        <test-method is-config="true" signature="testcase1()[pri:0, instance:selenium_case.OrangeHRM_Case@8462f31]" started-at="2022-10-20T12:59:54Z" name="testcase1" finished-at="2022-10-20T13:00:05Z" duration-ms="11176" status="PASS">
          <reporter-output>
          </reporter-output>
        </test-method> <!-- testcase1 -->
        <test-method signature="testcase2()[pri:0, instance:selenium_case.OrangeHRM_Case@8462f31]" started-at="2022-10-20T13:00:05Z" name="testcase2" finished-at="2022-10-20T13:00:12Z" duration-ms="6316" status="PASS">
          <reporter-output>
          </reporter-output>
        </test-method> <!-- testcase2 -->
        <test-method signature="testcase3()[pri:0, instance:selenium_case.OrangeHRM_Case@8462f31]" started-at="2022-10-20T13:00:12Z" name="testcase3" finished-at="2022-10-20T13:00:22Z" duration-ms="10522" status="FAIL">
          <exception class="java.lang.IndexOutOfBoundsException">
            <message>
              <![CDATA[Index 16 out of bounds for length 16]]>
            </message>
            <full-stacktrace>
              <![CDATA[java.lang.IndexOutOfBoundsException: Index 16 out of bounds for length 16
	at java.base/jdk.internal.util.Preconditions.outOfBounds(Preconditions.java:64)
	at java.base/jdk.internal.util.Preconditions.outOfBoundsCheckIndex(Preconditions.java:70)
	at java.base/jdk.internal.util.Preconditions.checkIndex(Preconditions.java:266)
	at java.base/java.util.Objects.checkIndex(Objects.java:359)
	at java.base/java.util.ArrayList.get(ArrayList.java:427)
	at selenium_case.OrangeHRM_Case.testcase3(OrangeHRM_Case.java:41)
	at java.base/jdk.internal.reflect.NativeMethodAccessorImpl.invoke0(Native Method)
	at java.base/jdk.internal.reflect.NativeMethodAccessorImpl.invoke(NativeMethodAccessorImpl.java:78)
	at java.base/jdk.internal.reflect.DelegatingMethodAccessorImpl.invoke(DelegatingMethodAccessorImpl.java:43)
	at java.base/java.lang.reflect.Method.invoke(Method.java:567)
	at org.testng.internal.MethodInvocationHelper.invokeMethod(MethodInvocationHelper.java:86)
	at org.testng.internal.Invoker.invokeMethod(Invoker.java:643)
	at org.testng.internal.Invoker.invokeTestMethod(Invoker.java:820)
	at org.testng.internal.Invoker.invokeTestMethods(Invoker.java:1128)
	at org.testng.internal.TestMethodWorker.invokeTestMethods(TestMethodWorker.java:129)
	at org.testng.internal.TestMethodWorker.run(TestMethodWorker.java:112)
	at org.testng.TestRunner.privateRun(TestRunner.java:782)
	at org.testng.TestRunner.run(TestRunner.java:632)
	at org.testng.SuiteRunner.runTest(SuiteRunner.java:366)
	at org.testng.SuiteRunner.runSequentially(SuiteRunner.java:361)
	at org.testng.SuiteRunner.privateRun(SuiteRunner.java:319)
	at org.testng.SuiteRunner.run(SuiteRunner.java:268)
	at org.testng.SuiteRunnerWorker.runSuite(SuiteRunnerWorker.java:52)
	at org.testng.SuiteRunnerWorker.run(SuiteRunnerWorker.java:86)
	at org.testng.TestNG.runSuitesSequentially(TestNG.java:1244)
	at org.testng.TestNG.runSuitesLocally(TestNG.java:1169)
	at org.testng.TestNG.run(TestNG.java:1064)
	at org.testng.remote.AbstractRemoteTestNG.run(AbstractRemoteTestNG.java:115)
	at org.testng.remote.RemoteTestNG.initAndRun(RemoteTestNG.java:251)
	at org.testng.remote.RemoteTestNG.main(RemoteTestNG.java:77)
]]>
            </full-stacktrace>
          </exception> <!-- java.lang.IndexOutOfBoundsException -->
          <reporter-output>
          </reporter-output>
        </test-method> <!-- testcase3 -->
        <test-method signature="testcase4()[pri:0, instance:selenium_case.OrangeHRM_Case@8462f31]" started-at="2022-10-20T13:00:22Z" name="testcase4" finished-at="2022-10-20T13:00:29Z" duration-ms="6587" status="PASS">
          <reporter-output>
          </reporter-output>
        </test-method> <!-- testcase4 -->
        <test-method is-config="true" signature="testcase5()[pri:0, instance:selenium_case.OrangeHRM_Case@8462f31]" started-at="2022-10-20T13:00:29Z" name="testcase5" finished-at="2022-10-20T13:00:34Z" duration-ms="5068" status="PASS">
          <reporter-output>
          </reporter-output>
        </test-method> <!-- testcase5 -->
      </class> <!-- selenium_case.OrangeHRM_Case -->
    </test> <!-- Default test -->
  </suite> <!-- Default suite -->
</testng-results>
