<?xml version="1.0" encoding="UTF-8"?>
<testng-results total="3" passed="3" failed="0" skipped="0">
  <reporter-output>
  </reporter-output>
  <suite started-at="2022-11-06T09:03:32Z" name="Default suite" finished-at="2022-11-06T09:04:03Z" duration-ms="31093">
    <groups>
    </groups>
    <test started-at="2022-11-06T09:03:32Z" name="Default test" finished-at="2022-11-06T09:04:03Z" duration-ms="31093">
      <class name="demo1.Automation_demo">
        <test-method is-config="true" signature="tc1()[pri:0, instance:demo1.Automation_demo@3e08ff24]" started-at="2022-11-06T14:33:32Z" name="tc1" finished-at="2022-11-06T14:33:45Z" duration-ms="13653" status="PASS">
          <reporter-output>
          </reporter-output>
        </test-method> <!-- tc1 -->
        <test-method signature="tc2()[pri:0, instance:demo1.Automation_demo@3e08ff24]" started-at="2022-11-06T14:33:45Z" name="tc2" finished-at="2022-11-06T14:33:50Z" duration-ms="4348" status="PASS">
          <reporter-output>
          </reporter-output>
        </test-method> <!-- tc2 -->
        <test-method signature="tc3()[pri:0, instance:demo1.Automation_demo@3e08ff24]" started-at="2022-11-06T14:33:50Z" name="tc3" finished-at="2022-11-06T14:33:51Z" duration-ms="1136" status="PASS">
          <reporter-output>
          </reporter-output>
        </test-method> <!-- tc3 -->
        <test-method signature="tc4()[pri:0, instance:demo1.Automation_demo@3e08ff24]" started-at="2022-11-06T14:33:51Z" name="tc4" finished-at="2022-11-06T14:34:03Z" duration-ms="11929" status="PASS">
          <reporter-output>
          </reporter-output>
        </test-method> <!-- tc4 -->
      </class> <!-- demo1.Automation_demo -->
    </test> <!-- Default test -->
  </suite> <!-- Default suite -->
</testng-results>
