<?xml version="1.0" encoding="UTF-8"?>
<testng-results skipped="0" failed="0" total="7" passed="7">
  <reporter-output>
  </reporter-output>
  <suite name="Surefire suite" duration-ms="77705" started-at="2022-10-23T08:24:49Z" finished-at="2022-10-23T08:26:07Z">
    <groups>
    </groups>
    <test name="Surefire test" duration-ms="77705" started-at="2022-10-23T08:24:49Z" finished-at="2022-10-23T08:26:07Z">
      <class name="ITERA.itera_demo">
        <test-method status="PASS" signature="testcase1()[pri:0, instance:ITERA.itera_demo@1b604f19]" name="testcase1" is-config="true" duration-ms="13359" started-at="2022-10-23T13:54:49Z" finished-at="2022-10-23T13:55:03Z">
          <reporter-output>
          </reporter-output>
        </test-method> <!-- testcase1 -->
        <test-method status="PASS" signature="testcase2()[pri:0, instance:ITERA.itera_demo@1b604f19]" name="testcase2" duration-ms="7907" started-at="2022-10-23T13:55:03Z" finished-at="2022-10-23T13:55:10Z">
          <reporter-output>
          </reporter-output>
        </test-method> <!-- testcase2 -->
        <test-method status="PASS" signature="testcase3()[pri:0, instance:ITERA.itera_demo@1b604f19]" name="testcase3" duration-ms="6730" started-at="2022-10-23T13:55:10Z" finished-at="2022-10-23T13:55:17Z">
          <reporter-output>
          </reporter-output>
        </test-method> <!-- testcase3 -->
        <test-method status="PASS" signature="testcase4()[pri:0, instance:ITERA.itera_demo@1b604f19]" name="testcase4" duration-ms="7144" started-at="2022-10-23T13:55:17Z" finished-at="2022-10-23T13:55:24Z">
          <reporter-output>
          </reporter-output>
        </test-method> <!-- testcase4 -->
        <test-method status="PASS" signature="testcase5()[pri:0, instance:ITERA.itera_demo@1b604f19]" name="testcase5" duration-ms="16671" started-at="2022-10-23T13:55:24Z" finished-at="2022-10-23T13:55:41Z">
          <reporter-output>
          </reporter-output>
        </test-method> <!-- testcase5 -->
        <test-method status="PASS" signature="testcase6()[pri:0, instance:ITERA.itera_demo@1b604f19]" name="testcase6" duration-ms="6171" started-at="2022-10-23T13:55:41Z" finished-at="2022-10-23T13:55:47Z">
          <reporter-output>
          </reporter-output>
        </test-method> <!-- testcase6 -->
        <test-method status="PASS" signature="testcase7()[pri:0, instance:ITERA.itera_demo@1b604f19]" name="testcase7" duration-ms="5705" started-at="2022-10-23T13:55:47Z" finished-at="2022-10-23T13:55:53Z">
          <reporter-output>
          </reporter-output>
        </test-method> <!-- testcase7 -->
        <test-method status="PASS" signature="testcase8()[pri:0, instance:ITERA.itera_demo@1b604f19]" name="testcase8" duration-ms="11800" started-at="2022-10-23T13:55:53Z" finished-at="2022-10-23T13:56:05Z">
          <reporter-output>
          </reporter-output>
        </test-method> <!-- testcase8 -->
        <test-method status="PASS" signature="testcase9()[pri:0, instance:ITERA.itera_demo@1b604f19]" name="testcase9" is-config="true" duration-ms="2193" started-at="2022-10-23T13:56:05Z" finished-at="2022-10-23T13:56:07Z">
          <reporter-output>
          </reporter-output>
        </test-method> <!-- testcase9 -->
      </class> <!-- ITERA.itera_demo -->
    </test> <!-- Surefire test -->
  </suite> <!-- Surefire suite -->
</testng-results>
