<?xml version="1.0" encoding="UTF-8"?>
<testng-results total="1" passed="1" failed="0" skipped="0">
  <reporter-output>
  </reporter-output>
  <suite started-at="2022-11-10T06:01:14Z" name="Default suite" finished-at="2022-11-10T06:02:56Z" duration-ms="102673">
    <groups>
    </groups>
    <test started-at="2022-11-10T06:01:14Z" name="Default test" finished-at="2022-11-10T06:02:56Z" duration-ms="102673">
      <class name="ITERA.itera_demo">
        <test-method is-config="true" signature="testcase1()[pri:0, instance:ITERA.itera_demo@6bf08014]" started-at="2022-11-10T11:31:14Z" name="testcase1" finished-at="2022-11-10T11:31:56Z" duration-ms="41959" status="PASS">
          <reporter-output>
          </reporter-output>
        </test-method> <!-- testcase1 -->
        <test-method signature="testcase2()[pri:0, instance:ITERA.itera_demo@6bf08014]" started-at="2022-11-10T11:31:56Z" name="testcase2" finished-at="2022-11-10T11:32:56Z" duration-ms="60600" status="PASS">
          <reporter-output>
          </reporter-output>
        </test-method> <!-- testcase2 -->
      </class> <!-- ITERA.itera_demo -->
    </test> <!-- Default test -->
  </suite> <!-- Default suite -->
</testng-results>
