<?xml version="1.0" encoding="UTF-8"?>
<testng-results total="2" passed="2" failed="0" skipped="0">
  <reporter-output>
  </reporter-output>
  <suite started-at="2022-11-03T09:38:40Z" name="Default suite" finished-at="2022-11-03T09:38:59Z" duration-ms="19349">
    <groups>
    </groups>
    <test started-at="2022-11-03T09:38:40Z" name="Default test" finished-at="2022-11-03T09:38:59Z" duration-ms="19349">
      <class name="java_exe.SkillRary">
        <test-method is-config="true" signature="tc1()[pri:0, instance:java_exe.SkillRary@1e6308a9]" started-at="2022-11-03T15:08:40Z" name="tc1" finished-at="2022-11-03T15:08:46Z" duration-ms="6652" status="PASS">
          <reporter-output>
          </reporter-output>
        </test-method> <!-- tc1 -->
        <test-method signature="tc2()[pri:0, instance:java_exe.SkillRary@1e6308a9]" started-at="2022-11-03T15:08:46Z" name="tc2" finished-at="2022-11-03T15:08:53Z" duration-ms="6804" status="PASS">
          <reporter-output>
          </reporter-output>
        </test-method> <!-- tc2 -->
        <test-method signature="tc3()[pri:0, instance:java_exe.SkillRary@1e6308a9]" started-at="2022-11-03T15:08:53Z" name="tc3" finished-at="2022-11-03T15:08:59Z" duration-ms="5862" status="PASS">
          <reporter-output>
          </reporter-output>
        </test-method> <!-- tc3 -->
      </class> <!-- java_exe.SkillRary -->
    </test> <!-- Default test -->
  </suite> <!-- Default suite -->
</testng-results>
