<?xml version="1.0" encoding="UTF-8"?>
<!-- Generated by org.testng.reporters.JUnitXMLReporter -->
<testsuite hostname="DESKTOP-T2FG83M" failures="1" tests="3" name="Surefire test" time="32.406" errors="0" timestamp="20 Oct 2022 07:28:08 GMT">
  <testcase classname="selenium_case.OrangeHRM_Case" name="testcase2" time="6.275"/>
  <testcase classname="selenium_case.OrangeHRM_Case" name="testcase3" time="2.09">
    <failure type="java.lang.IndexOutOfBoundsException" message="Index 16 out of bounds for length 16">
      <![CDATA[java.lang.IndexOutOfBoundsException: Index 16 out of bounds for length 16
	at java.base/jdk.internal.util.Preconditions.outOfBounds(Preconditions.java:64)
	at java.base/jdk.internal.util.Preconditions.outOfBoundsCheckIndex(Preconditions.java:70)
	at java.base/jdk.internal.util.Preconditions.checkIndex(Preconditions.java:266)
	at java.base/java.util.Objects.checkIndex(Objects.java:359)
	at java.base/java.util.ArrayList.get(ArrayList.java:427)
	at selenium_case.OrangeHRM_Case.testcase3(OrangeHRM_Case.java:40)
... Removed 29 stack frames]]>
    </failure>
  </testcase> <!-- testcase3 -->
  <testcase classname="selenium_case.OrangeHRM_Case" name="testcase4" time="6.749"/>
</testsuite> <!-- Surefire test -->
